mode: set
admin-statistics-api/internal/config/config.go:41.30,60.2 1 0
admin-statistics-api/internal/config/config.go:63.46,65.17 2 0
admin-statistics-api/internal/config/config.go:65.17,67.3 1 0
admin-statistics-api/internal/config/config.go:68.2,68.14 1 0
admin-statistics-api/internal/handler/transaction-handler.go:19.93,24.2 1 0
admin-statistics-api/internal/handler/transaction-handler.go:33.68,37.51 2 1
admin-statistics-api/internal/handler/transaction-handler.go:37.51,40.3 2 1
admin-statistics-api/internal/handler/transaction-handler.go:43.2,43.50 1 1
admin-statistics-api/internal/handler/transaction-handler.go:43.50,46.3 2 0
admin-statistics-api/internal/handler/transaction-handler.go:49.2,50.16 2 1
admin-statistics-api/internal/handler/transaction-handler.go:50.16,53.3 2 1
admin-statistics-api/internal/handler/transaction-handler.go:55.2,58.4 1 1
admin-statistics-api/internal/handler/transaction-handler.go:62.66,66.51 2 1
admin-statistics-api/internal/handler/transaction-handler.go:66.51,69.3 2 0
admin-statistics-api/internal/handler/transaction-handler.go:72.2,72.50 1 1
admin-statistics-api/internal/handler/transaction-handler.go:72.50,75.3 2 0
admin-statistics-api/internal/handler/transaction-handler.go:78.2,79.16 2 1
admin-statistics-api/internal/handler/transaction-handler.go:79.16,82.3 2 0
admin-statistics-api/internal/handler/transaction-handler.go:84.2,87.4 1 1
admin-statistics-api/internal/handler/transaction-handler.go:91.69,96.18 3 1
admin-statistics-api/internal/handler/transaction-handler.go:96.18,99.3 2 1
admin-statistics-api/internal/handler/transaction-handler.go:102.2,102.51 1 1
admin-statistics-api/internal/handler/transaction-handler.go:102.51,105.3 2 0
admin-statistics-api/internal/handler/transaction-handler.go:108.2,108.50 1 1
admin-statistics-api/internal/handler/transaction-handler.go:108.50,111.3 2 0
admin-statistics-api/internal/handler/transaction-handler.go:114.2,115.16 2 1
admin-statistics-api/internal/handler/transaction-handler.go:115.16,118.3 2 1
admin-statistics-api/internal/handler/transaction-handler.go:120.2,124.4 1 1
admin-statistics-api/internal/middleware/auth-middleware.go:15.57,16.30 1 1
admin-statistics-api/internal/middleware/auth-middleware.go:16.30,21.36 2 1
admin-statistics-api/internal/middleware/auth-middleware.go:21.36,26.4 2 1
admin-statistics-api/internal/middleware/auth-middleware.go:29.3,29.11 1 1
admin-statistics-api/internal/repository/cache.go:20.36,29.2 3 0
admin-statistics-api/internal/repository/cache.go:32.59,37.12 4 0
admin-statistics-api/internal/repository/cache.go:37.12,39.3 1 0
admin-statistics-api/internal/repository/cache.go:42.2,42.39 1 0
admin-statistics-api/internal/repository/cache.go:42.39,44.3 1 0
admin-statistics-api/internal/repository/cache.go:46.2,46.25 1 0
admin-statistics-api/internal/repository/cache.go:50.84,58.2 3 0
admin-statistics-api/internal/repository/cache.go:61.42,66.2 3 0
admin-statistics-api/internal/repository/cache.go:69.33,73.21 3 0
admin-statistics-api/internal/repository/cache.go:73.21,76.34 3 0
admin-statistics-api/internal/repository/cache.go:76.34,77.34 1 0
admin-statistics-api/internal/repository/cache.go:77.34,79.5 1 0
admin-statistics-api/internal/repository/cache.go:81.3,81.16 1 0
admin-statistics-api/internal/repository/mock_cache.go:20.32,26.2 1 0
admin-statistics-api/internal/repository/mock_cache.go:29.57,35.21 4 0
admin-statistics-api/internal/repository/mock_cache.go:35.21,37.3 1 0
admin-statistics-api/internal/repository/mock_cache.go:40.2,40.47 1 0
admin-statistics-api/internal/repository/mock_cache.go:40.47,42.3 1 0
admin-statistics-api/internal/repository/mock_cache.go:45.2,46.21 2 0
admin-statistics-api/internal/repository/mock_cache.go:50.82,56.2 4 0
admin-statistics-api/internal/repository/mock_cache.go:59.40,65.2 4 0
admin-statistics-api/internal/repository/mock_transaction_repo.go:24.64,31.83 1 0
admin-statistics-api/internal/repository/mock_transaction_repo.go:31.83,33.4 1 0
admin-statistics-api/internal/repository/mock_transaction_repo.go:34.96,36.4 1 0
admin-statistics-api/internal/repository/mock_transaction_repo.go:37.125,39.4 1 0
admin-statistics-api/internal/repository/mock_transaction_repo.go:47.109,50.2 2 0
admin-statistics-api/internal/repository/mock_transaction_repo.go:53.122,56.2 2 0
admin-statistics-api/internal/repository/mock_transaction_repo.go:59.151,62.2 2 0
admin-statistics-api/internal/repository/redis-cache.go:17.58,19.16 2 1
admin-statistics-api/internal/repository/redis-cache.go:19.16,21.3 1 0
admin-statistics-api/internal/repository/redis-cache.go:23.2,29.47 4 1
admin-statistics-api/internal/repository/redis-cache.go:29.47,31.3 1 0
admin-statistics-api/internal/repository/redis-cache.go:33.2,35.8 1 1
admin-statistics-api/internal/repository/redis-cache.go:39.58,44.16 4 1
admin-statistics-api/internal/repository/redis-cache.go:44.16,46.3 1 1
admin-statistics-api/internal/repository/redis-cache.go:48.2,49.61 2 1
admin-statistics-api/internal/repository/redis-cache.go:49.61,51.3 1 0
admin-statistics-api/internal/repository/redis-cache.go:53.2,53.21 1 1
admin-statistics-api/internal/repository/redis-cache.go:57.83,62.16 4 1
admin-statistics-api/internal/repository/redis-cache.go:62.16,64.3 1 0
admin-statistics-api/internal/repository/redis-cache.go:66.2,66.42 1 1
admin-statistics-api/internal/repository/redis-cache.go:70.41,75.2 3 0
admin-statistics-api/internal/repository/redis-cache.go:78.36,80.2 1 1
admin-statistics-api/internal/repository/transaction-repo.go:22.97,26.2 1 0
admin-statistics-api/internal/repository/transaction-repo.go:30.99,33.2 2 0
admin-statistics-api/internal/repository/transaction-repo.go:39.105,116.16 3 0
admin-statistics-api/internal/repository/transaction-repo.go:116.16,118.3 1 0
admin-statistics-api/internal/repository/transaction-repo.go:119.2,122.49 3 0
admin-statistics-api/internal/repository/transaction-repo.go:122.49,124.3 1 0
admin-statistics-api/internal/repository/transaction-repo.go:126.2,126.21 1 0
admin-statistics-api/internal/repository/transaction-repo.go:132.118,186.16 3 0
admin-statistics-api/internal/repository/transaction-repo.go:186.16,188.3 1 0
admin-statistics-api/internal/repository/transaction-repo.go:189.2,192.49 3 0
admin-statistics-api/internal/repository/transaction-repo.go:192.49,194.3 1 0
admin-statistics-api/internal/repository/transaction-repo.go:196.2,196.21 1 0
admin-statistics-api/internal/repository/transaction-repo.go:204.147,226.16 3 0
admin-statistics-api/internal/repository/transaction-repo.go:226.16,228.3 1 0
admin-statistics-api/internal/repository/transaction-repo.go:229.2,232.57 3 0
admin-statistics-api/internal/repository/transaction-repo.go:232.57,234.3 1 0
admin-statistics-api/internal/repository/transaction-repo.go:237.2,237.27 1 0
admin-statistics-api/internal/repository/transaction-repo.go:237.27,239.3 1 0
admin-statistics-api/internal/repository/transaction-repo.go:242.2,266.16 3 0
admin-statistics-api/internal/repository/transaction-repo.go:266.16,268.3 1 0
admin-statistics-api/internal/repository/transaction-repo.go:269.2,272.65 3 0
admin-statistics-api/internal/repository/transaction-repo.go:272.65,274.3 1 0
admin-statistics-api/internal/repository/transaction-repo.go:276.2,277.21 2 0
admin-statistics-api/internal/repository/transaction-repo.go:277.21,279.3 1 0
admin-statistics-api/internal/repository/transaction-repo.go:282.2,283.41 2 0
admin-statistics-api/internal/repository/transaction-repo.go:283.41,285.52 2 0
admin-statistics-api/internal/repository/transaction-repo.go:285.52,287.9 2 0
admin-statistics-api/internal/repository/transaction-repo.go:292.2,294.24 2 0
admin-statistics-api/internal/service/transaction-service.go:21.120,26.2 1 1
admin-statistics-api/internal/service/transaction-service.go:29.118,34.55 2 1
admin-statistics-api/internal/service/transaction-service.go:34.55,36.36 1 1
admin-statistics-api/internal/service/transaction-service.go:37.33,38.20 1 1
admin-statistics-api/internal/service/transaction-service.go:39.22,42.30 2 0
admin-statistics-api/internal/service/transaction-service.go:42.30,43.57 1 0
admin-statistics-api/internal/service/transaction-service.go:43.57,45.6 1 0
admin-statistics-api/internal/service/transaction-service.go:47.4,47.22 1 0
admin-statistics-api/internal/service/transaction-service.go:48.11,50.76 1 0
admin-statistics-api/internal/service/transaction-service.go:55.2,56.16 2 1
admin-statistics-api/internal/service/transaction-service.go:56.16,58.3 1 1
admin-statistics-api/internal/service/transaction-service.go:61.2,62.33 2 1
admin-statistics-api/internal/service/transaction-service.go:62.33,64.3 1 1
admin-statistics-api/internal/service/transaction-service.go:67.2,69.22 2 1
admin-statistics-api/internal/service/transaction-service.go:73.131,78.55 2 1
admin-statistics-api/internal/service/transaction-service.go:78.55,80.36 1 1
admin-statistics-api/internal/service/transaction-service.go:81.33,82.20 1 1
admin-statistics-api/internal/service/transaction-service.go:83.22,86.30 2 0
admin-statistics-api/internal/service/transaction-service.go:86.30,87.57 1 0
admin-statistics-api/internal/service/transaction-service.go:87.57,89.6 1 0
admin-statistics-api/internal/service/transaction-service.go:91.4,91.22 1 0
admin-statistics-api/internal/service/transaction-service.go:92.11,94.76 1 0
admin-statistics-api/internal/service/transaction-service.go:99.2,100.16 2 1
admin-statistics-api/internal/service/transaction-service.go:100.16,102.3 1 0
admin-statistics-api/internal/service/transaction-service.go:105.2,106.33 2 1
admin-statistics-api/internal/service/transaction-service.go:106.33,108.3 1 1
admin-statistics-api/internal/service/transaction-service.go:111.2,113.22 2 1
admin-statistics-api/internal/service/transaction-service.go:117.132,122.55 2 1
admin-statistics-api/internal/service/transaction-service.go:122.55,124.36 1 1
admin-statistics-api/internal/service/transaction-service.go:125.16,126.20 1 1
admin-statistics-api/internal/service/transaction-service.go:127.12,128.29 1 0
admin-statistics-api/internal/service/transaction-service.go:129.15,131.60 1 0
admin-statistics-api/internal/service/transaction-service.go:131.60,133.5 1 0
admin-statistics-api/internal/service/transaction-service.go:134.31,136.46 1 0
admin-statistics-api/internal/service/transaction-service.go:136.46,138.5 1 0
admin-statistics-api/internal/service/transaction-service.go:139.11,141.76 1 0
admin-statistics-api/internal/service/transaction-service.go:146.2,147.16 2 1
admin-statistics-api/internal/service/transaction-service.go:147.16,149.3 1 1
admin-statistics-api/internal/service/transaction-service.go:152.2,153.16 2 1
admin-statistics-api/internal/service/transaction-service.go:153.16,155.3 1 0
admin-statistics-api/internal/service/transaction-service.go:158.2,160.24 2 1
